<?xml version="1.0" encoding="UTF-8"?>
<!-- Generated by org.testng.reporters.JUnitReportReporter -->
<testsuite skipped="0" hostname="LAPTOP-RVI76CRO" name="test.ListItemsRemovedTest" tests="1" failures="0" timestamp="13 Nov 2022 23:34:38 GMT" time="3.401" errors="0">
  <testcase name="ValidateAllListItem" time="3.401" classname="test.ListItemsRemovedTest"/>
</testsuite> <!-- test.ListItemsRemovedTest -->
