<?xml version="1.0" encoding="UTF-8"?>
<!-- Generated by org.testng.reporters.JUnitReportReporter -->
<testsuite skipped="0" hostname="LAPTOP-RVI76CRO" name="test.CheckBoxTest" tests="1" failures="0" timestamp="13 Nov 2022 09:08:50 GMT" time="3.551" errors="0">
  <testcase name="ToggleAllCheckBox" time="3.551" classname="test.CheckBoxTest"/>
</testsuite> <!-- test.CheckBoxTest -->
