<?xml version="1.0" encoding="UTF-8"?>
<!-- Generated by org.testng.reporters.JUnitReportReporter -->
<testsuite skipped="0" hostname="LAPTOP-RVI76CRO" name="test.AllCheckBoxSelectedTest" tests="1" failures="0" timestamp="13 Nov 2022 23:02:15 GMT" time="3.573" errors="0">
  <testcase name="ToggleAllCheckBox" time="3.573" classname="test.AllCheckBoxSelectedTest"/>
</testsuite> <!-- test.AllCheckBoxSelectedTest -->
