<?xml version="1.0" encoding="UTF-8"?>
<!-- Generated by org.testng.reporters.JUnitReportReporter -->
<testsuite skipped="0" hostname="LAPTOP-RVI76CRO" name="test.RemoveOneListItemTest" tests="1" failures="0" timestamp="13 Nov 2022 22:14:49 GMT" time="20.106" errors="0">
  <testcase name="ClickOneCheck_Box" time="20.106" classname="test.RemoveOneListItemTest"/>
</testsuite> <!-- test.RemoveOneListItemTest -->
